<?xml version="1.0" encoding="UTF-8"?>
<!-- Generated by org.testng.reporters.JUnitReportReporter -->
<testsuite skipped="0" hostname="DESKTOP-7AV0B4U" name="com.actitime.test.CustomerModule" tests="1" failures="0" timestamp="2021-08-15T18:21:28 IST" time="22.405" errors="0">
  <testcase name="testCreateCustomer" time="22.405" classname="com.actitime.test.CustomerModule"/>
  <system-out/>
</testsuite> <!-- com.actitime.test.CustomerModule -->
